number,value,datetime_start,datetime_complete,duration,params_bs,params_c,params_drop,params_emb,params_lam,params_lr_d,params_lr_g,system_attrs_tpe:relative_params:0,state
0,0.2687161023761741,2026-10-04 07:51:08.500842,2026-10-04 07:54:18.684850,0 days 00:03:10.184008,16,64,0.27891242833351576,32,142.66645644746592,0.00012061102266621194,0.00013924250314515922,,COMPLETE
1,0.22933986751788318,2026-10-04 07:54:18.715634,2026-10-04 07:56:05.635816,0 days 00:01:46.920182,8,32,0.41939456669406283,64,17.998817265407915,0.0007079651389145218,0.00031169740438440134,,COMPLETE
2,0.26007280409710964,2026-10-04 07:56:05.654475,2026-10-04 07:59:40.864213,0 days 00:03:35.209738,8,64,0.2710755955783177,32,63.72281016360417,0.0007866694587345653,0.00033733434464983033,,COMPLETE
3,0.24013227586726224,2026-10-04 07:59:40.884763,2026-10-04 08:01:47.504728,0 days 00:02:06.619965,16,48,0.33900685766765276,16,15.127908788162653,0.00014260413067938025,0.0006991985539455123,,COMPLETE
4,0.24679822541882654,2026-10-04 08:01:47.522565,2026-10-04 08:05:19.676491,0 days 00:03:32.153926,32,64,0.4747331775481122,64,10.140722949896746,0.00011581455656746925,0.0006167642475940654,,COMPLETE
5,0.24292867888444625,2026-10-04 08:05:19.696494,2026-10-04 08:06:30.069399,0 days 00:01:10.372905,32,64,0.49208278575876124,32,15.2601259068196,0.00010106617358350115,0.0005567539169803996,,PRUNED
6,0.1569227422558287,2026-10-04 08:06:30.092560,2026-10-04 08:07:28.042886,0 days 00:00:57.950326,8,48,0.24427754569931748,32,12.968477770207276,0.0001822398278367847,0.000286699864717539,,PRUNED
7,0.2755382085996104,2026-10-04 08:07:28.062753,2026-10-04 08:11:06.916048,0 days 00:03:38.853295,8,64,0.3636152834022141,32,158.80703749084878,0.00019184331881031522,0.00013607302943231307,,COMPLETE
8,0.1999327581633562,2026-10-04 08:11:06.937143,2026-10-04 08:11:46.281590,0 days 00:00:39.344447,16,32,0.3359143230030619,64,11.86716980950495,0.00014481433337232513,0.00020497823284168859,,PRUNED
9,0.2266935892325027,2026-10-04 08:11:46.300143,2026-10-04 08:12:19.986849,0 days 00:00:33.686706,16,32,0.4640128055058079,32,16.608637028086804,0.00014798871670319548,0.00022280052261512654,,PRUNED
10,0.2172644793112573,2026-10-04 08:12:20.003884,2026-10-04 08:13:39.621316,0 days 00:01:19.617432,8,64,0.48249377353764594,32,50.457178454098404,7.751540018866391e-05,8.078761037873617e-05,"{""bs"": 8, ""c"": 64, ""drop"": 0.48249377353764594, ""emb"": 32, ""lam"": 50.457178454098404, ""lr_d"": 7.751540018866391e-05, ""lr_g"": 8.078761037873617e-05}",PRUNED
11,0.23091064509105882,2026-10-04 08:13:39.645416,2026-10-04 08:14:58.037733,0 days 00:01:18.392317,8,64,0.3405403418667742,32,83.59665922890254,0.0002189649578435337,6.201168379748635e-05,"{""bs"": 8, ""c"": 64, ""drop"": 0.3405403418667742, ""emb"": 32, ""lam"": 83.59665922890254, ""lr_d"": 0.0002189649578435337, ""lr_g"": 6.201168379748635e-05}",PRUNED
12,0.24522608231198617,2026-10-04 08:14:58.054530,2026-10-04 08:18:14.829291,0 days 00:03:16.774761,16,64,0.20156802905344917,32,154.99791527309634,0.0001340904679071973,7.189326358106753e-05,"{""bs"": 16, ""c"": 64, ""drop"": 0.20156802905344917, ""emb"": 32, ""lam"": 154.99791527309634, ""lr_d"": 0.0001340904679071973, ""lr_g"": 7.189326358106753e-05}",COMPLETE
13,0.2387575033575734,2026-10-04 08:18:14.849124,2026-10-04 08:19:36.929672,0 days 00:01:22.080548,8,64,0.3639104156901417,32,53.12442950491967,0.0002374618558181469,0.0002281432229128434,"{""bs"": 8, ""c"": 64, ""drop"": 0.3639104156901417, ""emb"": 32, ""lam"": 53.12442950491967, ""lr_d"": 0.0002374618558181469, ""lr_g"": 0.0002281432229128434}",PRUNED
14,0.27935875786675346,2026-10-04 08:19:36.953224,2026-10-04 08:22:53.636126,0 days 00:03:16.682902,16,64,0.1894126121683004,32,168.66844575855475,0.00025262750602261834,0.00018054370655584302,"{""bs"": 16, ""c"": 64, ""drop"": 0.1894126121683004, ""emb"": 32, ""lam"": 168.66844575855475, ""lr_d"": 0.00025262750602261834, ""lr_g"": 0.00018054370655584302}",COMPLETE
