number,value,datetime_start,datetime_complete,duration,params_lr,params_tau,params_w_bal,params_w_ce,params_w_l1,system_attrs_tpe:relative_params:0,state
0,0.17943704314529885,2026-10-04 07:56:57.905907,2026-10-04 07:59:46.426205,0 days 00:02:48.520298,3.574712922600245e-05,2.87678576602479,0.06251373574521749,0.29106359131330695,0.5702083881990965,,COMPLETE
1,0.18235779116335127,2026-10-04 07:59:46.463119,2026-10-04 08:02:35.996308,0 days 00:02:49.533189,1.6998978382700755e-05,0.6452090304204987,0.06358358856676251,0.5399484409787431,0.8186326600082204,,COMPLETE
2,0.18164784096829278,2026-10-04 08:02:36.027772,2026-10-04 08:05:25.942866,0 days 00:02:49.915094,1.072520974317199e-05,2.9247746304049858,0.004335281794951566,0.46225890010208287,0.5818212352431953,,COMPLETE
3,0.1808112948808981,2026-10-04 08:05:25.973823,2026-10-04 08:08:15.010983,0 days 00:02:49.037160,1.8659959624904922e-05,1.2606056073988443,0.01976218934028007,0.11207606211860566,0.6310531130891188,,COMPLETE
4,0.17338949895423383,2026-10-04 08:08:15.044522,2026-10-04 08:11:04.640822,0 days 00:02:49.596300,8.01273750399854e-05,0.8487346516301046,0.01256277350380703,0.03839629299804171,0.7052314928976662,,COMPLETE
5,0.17812252660160477,2026-10-04 08:11:04.676387,2026-10-04 08:13:53.487099,0 days 00:02:48.810712,0.00014447746112718684,0.9991844553958993,0.05987474910461398,0.10677482709481352,0.520902685723999,,COMPLETE
6,0.18329839440791496,2026-10-04 08:13:53.515370,2026-10-04 08:15:12.024470,0 days 00:01:18.509100,7.896186801026683e-05,0.9263103092182288,0.7025166339242155,0.013492834268013254,0.9345344148835517,,PRUNED
7,0.16224522775282024,2026-10-04 08:15:12.053786,2026-10-04 08:18:00.052324,0 days 00:02:47.998538,0.0001563510870813345,1.2615344229334267,0.11290133559092672,0.015679933916723017,0.6980686221828205,,COMPLETE
8,0.17256148977448127,2026-10-04 08:18:00.089234,2026-10-04 08:20:48.064609,0 days 00:02:47.975375,1.5144860262751414e-05,1.7379422752781755,0.5345166110646817,0.011715937392307063,0.6164509917200076,,COMPLETE
9,0.17832581480236165,2026-10-04 08:20:48.100774,2026-10-04 08:23:37.050647,0 days 00:02:48.949873,9.519754482692677e-05,1.2792776902235274,0.043664735929796326,0.10968217207529521,0.5831845049864872,,COMPLETE
10,0.18151007527890417,2026-10-04 08:23:37.091749,2026-10-04 08:24:58.204851,0 days 00:01:21.113102,0.00024893231508461833,1.0097984777062987,0.07175896589120967,0.03265686027207034,0.729642193723884,"{""lr"": 0.00024893231508461833, ""tau"": 1.0097984777062987, ""w_bal"": 0.07175896589120967, ""w_ce"": 0.03265686027207034, ""w_l1"": 0.729642193723884}",PRUNED
11,0.18310775186704564,2026-10-04 08:24:58.232357,2026-10-04 08:26:18.274330,0 days 00:01:20.041973,1.0473704910862283e-05,1.5090849078605826,0.6493899557228155,0.018291649503152572,0.6909697745358723,"{""lr"": 1.0473704910862283e-05, ""tau"": 1.5090849078605826, ""w_bal"": 0.6493899557228155, ""w_ce"": 0.018291649503152572, ""w_l1"": 0.6909697745358723}",PRUNED
