number,value,datetime_start,datetime_complete,duration,params_alpha,params_base_ch,params_batch_size,params_dropout,params_latent_ch,params_lr,system_attrs_tpe:relative_params:0,state
0,0.4098975302141166,2026-10-03 08:17:05.336886,2026-10-03 08:18:59.758545,0 days 00:01:54.421659,0.8745991883601898,48,16,0.29097295564859826,128,0.0003574712922600243,,COMPLETE
1,0.4425836923104723,2026-10-03 08:18:59.796953,2026-10-03 08:20:58.044692,0 days 00:01:58.247739,0.8533291826268561,64,64,0.13682099526511077,128,0.00020589728197687926,,COMPLETE
2,0.43334857320468256,2026-10-03 08:20:58.073433,2026-10-03 08:22:45.583547,0 days 00:01:47.510114,0.8079048619304705,32,32,0.029301634201915158,128,0.00019721610970574026,,COMPLETE
3,0.5167075642246435,2026-10-03 08:22:45.614309,2026-10-03 08:24:39.152709,0 days 00:01:53.538400,0.8488097705125015,48,32,0.29087538832936755,16,0.00044684675025045853,,COMPLETE
4,0.5149020848057866,2026-10-03 08:24:39.182250,2026-10-03 08:26:37.919412,0 days 00:01:58.737162,0.6264205293593214,64,64,0.10702599800807679,128,0.002442046084491142,,COMPLETE
5,0.4478924352071048,2026-10-03 08:26:37.949196,2026-10-03 08:28:25.177545,0 days 00:01:47.228349,0.5333200932803407,32,32,0.2313811040057837,16,0.000633326877532184,,PRUNED
6,0.409118654177139,2026-10-03 08:28:25.211720,2026-10-03 08:30:22.727331,0 days 00:01:57.515611,0.5538174106722358,64,32,0.14166447754858477,16,0.00033845220412011414,,COMPLETE
7,0.5459326703432966,2026-10-03 08:30:22.762286,2026-10-03 08:31:25.661155,0 days 00:01:02.898869,0.7288568110241163,64,64,0.094306794322898,32,0.001131225105716033,,PRUNED
8,0.5897685449056809,2026-10-03 08:31:25.689282,2026-10-03 08:32:23.147933,0 days 00:00:57.458651,0.8616524346046015,32,64,0.2614381770563153,64,0.0021907142272152816,,PRUNED
9,0.38248186823091174,2026-10-03 08:32:23.175919,2026-10-03 08:34:21.713915,0 days 00:01:58.537996,0.7298362861599046,64,16,0.002085639159357211,16,0.00018861950443028856,,COMPLETE
10,0.46854074723225403,2026-10-03 08:34:21.747041,2026-10-03 08:35:42.627955,0 days 00:01:20.880914,0.7420849364134898,64,16,0.07814036597150843,16,0.00017583348778851948,"{""alpha"": 0.7420849364134898, ""base_ch"": 64, ""batch_size"": 16, ""dropout"": 0.07814036597150843, ""latent_ch"": 16, ""lr"": 0.00017583348778851948}",PRUNED
11,0.3982755134750099,2026-10-03 08:35:42.670110,2026-10-03 08:37:39.885433,0 days 00:01:57.215323,0.5624964977917236,64,32,0.05667708572866821,16,0.00040112645508911344,"{""alpha"": 0.5624964977917236, ""base_ch"": 64, ""batch_size"": 32, ""dropout"": 0.05667708572866821, ""latent_ch"": 16, ""lr"": 0.00040112645508911344}",COMPLETE
12,0.40454937055394913,2026-10-03 08:37:39.913000,2026-10-03 08:39:28.697612,0 days 00:01:48.784612,0.7016469271646767,32,16,0.007094158969984966,16,0.00035010526530524644,"{""alpha"": 0.7016469271646767, ""base_ch"": 32, ""batch_size"": 16, ""dropout"": 0.007094158969984966, ""latent_ch"": 16, ""lr"": 0.00035010526530524644}",COMPLETE
13,0.3503892420097067,2026-10-03 08:39:28.742405,2026-10-03 08:41:29.661996,0 days 00:02:00.919591,0.557340801610828,64,16,0.011854820618336426,32,0.0007274920213019986,"{""alpha"": 0.557340801610828, ""base_ch"": 64, ""batch_size"": 16, ""dropout"": 0.011854820618336426, ""latent_ch"": 32, ""lr"": 0.0007274920213019986}",COMPLETE
14,0.5451867480682662,2026-10-03 08:41:29.702731,2026-10-03 08:42:34.261980,0 days 00:01:04.559249,0.8079838556624732,64,16,0.014715234496376142,16,0.0013403830003994213,"{""alpha"": 0.8079838556624732, ""base_ch"": 64, ""batch_size"": 16, ""dropout"": 0.014715234496376142, ""latent_ch"": 16, ""lr"": 0.0013403830003994213}",PRUNED
15,0.3553469816115514,2026-10-03 08:42:34.291909,2026-10-03 08:44:33.961339,0 days 00:01:59.669430,0.5455200428026811,64,16,0.011326495176011872,32,0.0010693458849458594,"{""alpha"": 0.5455200428026811, ""base_ch"": 64, ""batch_size"": 16, ""dropout"": 0.011326495176011872, ""latent_ch"": 32, ""lr"": 0.0010693458849458594}",COMPLETE
16,0.47344689355938846,2026-10-03 08:44:34.000130,2026-10-03 08:45:38.577606,0 days 00:01:04.577476,0.6189650639853942,64,16,0.06740976370429408,32,0.0011659329896020513,"{""alpha"": 0.6189650639853942, ""base_ch"": 64, ""batch_size"": 16, ""dropout"": 0.06740976370429408, ""latent_ch"": 32, ""lr"": 0.0011659329896020513}",PRUNED
17,0.35807152201679987,2026-10-03 08:45:38.606631,2026-10-03 08:47:48.262909,0 days 00:02:09.656278,0.5415429297574065,64,16,0.006429262747384343,128,0.0011226626807840764,"{""alpha"": 0.5415429297574065, ""base_ch"": 64, ""batch_size"": 16, ""dropout"": 0.006429262747384343, ""latent_ch"": 128, ""lr"": 0.0011226626807840764}",COMPLETE
18,0.3685818706780516,2026-10-03 08:47:48.295682,2026-10-03 08:49:49.167550,0 days 00:02:00.871868,0.5369786973117006,64,16,0.09904072443985709,32,0.000218733120588636,"{""alpha"": 0.5369786973117006, ""base_ch"": 64, ""batch_size"": 16, ""dropout"": 0.09904072443985709, ""latent_ch"": 32, ""lr"": 0.000218733120588636}",COMPLETE
19,0.35731429648284924,2026-10-03 08:49:49.199073,2026-10-03 08:51:49.028959,0 days 00:01:59.829886,0.6358073535306328,64,16,0.024938667518826847,32,0.0006278436797373171,"{""alpha"": 0.6358073535306328, ""base_ch"": 64, ""batch_size"": 16, ""dropout"": 0.024938667518826847, ""latent_ch"": 32, ""lr"": 0.0006278436797373171}",COMPLETE
