number,value,datetime_start,datetime_complete,duration,params_alpha,params_base_ch,params_batch_size,params_dropout,params_latent_dim,params_lr,system_attrs_tpe:relative_params:0,state
0,,2026-10-02 17:43:38.840879,2026-10-02 17:44:58.857543,0 days 00:01:20.016664,0.8745991883601898,48,16,0.29097295564859826,1024,0.0003574712922600243,,FAIL
1,0.5846916009550509,2026-10-02 17:47:47.245294,2026-10-02 17:50:28.997742,0 days 00:02:41.752448,0.8745991883601898,48,16,0.29097295564859826,1024,0.0003574712922600243,,COMPLETE
2,0.5878340303897859,2026-10-02 17:50:29.034670,2026-10-02 17:53:13.765790,0 days 00:02:44.731120,0.8533291826268561,64,64,0.13682099526511077,1024,0.00020589728197687926,,COMPLETE
3,0.5754256902829461,2026-10-02 17:53:13.793919,2026-10-02 17:55:39.007604,0 days 00:02:25.213685,0.8079048619304705,32,32,0.029301634201915158,1024,0.00019721610970574026,,COMPLETE
4,0.6062419071145679,2026-10-02 17:55:39.041932,2026-10-02 17:58:08.098397,0 days 00:02:29.056465,0.8488097705125015,48,32,0.29087538832936755,128,0.00044684675025045853,,COMPLETE
5,,2026-10-02 17:58:08.134569,2026-10-02 18:00:20.145917,0 days 00:02:12.011348,0.6264205293593214,64,64,0.10702599800807679,1024,0.002442046084491142,,FAIL
6,,2026-10-02 18:00:57.286419,2026-10-02 18:02:31.789508,0 days 00:01:34.503089,0.8745991883601898,48,16,0.29097295564859826,1024,0.0003574712922600243,,FAIL
7,0.5871853808993879,2026-10-02 18:02:53.523618,2026-10-02 18:05:49.078731,0 days 00:02:55.555113,0.8745991883601898,48,16,0.29097295564859826,1024,0.0003574712922600243,,COMPLETE
8,0.617084072659845,2026-10-02 18:05:49.113411,2026-10-02 18:07:36.872904,0 days 00:01:47.759493,0.8533291826268561,64,64,0.13682099526511077,1024,0.00020589728197687926,,PRUNED
9,0.5692539017485536,2026-10-02 18:07:36.899910,2026-10-02 18:10:03.524443,0 days 00:02:26.624533,0.8079048619304705,32,32,0.029301634201915158,1024,0.00019721610970574026,,COMPLETE
10,0.6555872287439264,2026-10-02 18:10:03.568092,2026-10-02 18:11:07.544692,0 days 00:01:03.976600,0.8488097705125015,48,32,0.29087538832936755,128,0.00044684675025045853,,PRUNED
11,0.7349994130756545,2026-10-02 18:11:07.580840,2026-10-02 18:12:14.475308,0 days 00:01:06.894468,0.6264205293593214,64,64,0.10702599800807679,1024,0.002442046084491142,,PRUNED
12,0.6667040401826734,2026-10-02 18:12:14.514537,2026-10-02 18:13:21.591266,0 days 00:01:07.076729,0.5333200932803407,32,32,0.2313811040057837,128,0.000633326877532184,,PRUNED
13,0.6968585145862207,2026-10-02 18:13:21.629206,2026-10-02 18:14:28.573932,0 days 00:01:06.944726,0.5927509452764528,32,32,0.08475342932865002,1024,0.0009779016738523717,"{""alpha"": 0.5927509452764528, ""base_ch"": 32, ""batch_size"": 32, ""dropout"": 0.08475342932865002, ""latent_dim"": 1024, ""lr"": 0.0009779016738523717}",PRUNED
14,0.5838205989288248,2026-10-02 18:14:28.602225,2026-10-02 18:16:52.724518,0 days 00:02:24.122293,0.9105357526405642,32,32,0.02717566149232723,1024,0.0003745482356626075,"{""alpha"": 0.9105357526405642, ""base_ch"": 32, ""batch_size"": 32, ""dropout"": 0.02717566149232723, ""latent_dim"": 1024, ""lr"": 0.0003745482356626075}",COMPLETE
15,0.5646388222989829,2026-10-02 18:16:52.754215,2026-10-02 18:19:17.186748,0 days 00:02:24.432533,0.7607511613328016,32,32,0.03574851391445806,1024,0.00022955925844788105,"{""alpha"": 0.7607511613328016, ""base_ch"": 32, ""batch_size"": 32, ""dropout"": 0.03574851391445806, ""latent_dim"": 1024, ""lr"": 0.00022955925844788105}",COMPLETE
16,0.6619783241463745,2026-10-02 18:19:17.218279,2026-10-02 18:20:12.683167,0 days 00:00:55.464888,0.889983595809818,32,32,0.08299956751016656,128,0.0007740845209107916,"{""alpha"": 0.889983595809818, ""base_ch"": 32, ""batch_size"": 32, ""dropout"": 0.08299956751016656, ""latent_dim"": 128, ""lr"": 0.0007740845209107916}",PRUNED
17,0.6560126206149225,2026-10-02 18:20:12.708613,2026-10-02 18:21:09.795093,0 days 00:00:57.086480,0.7278805412520934,32,64,0.07567982138701962,1024,0.00010132697713585193,"{""alpha"": 0.7278805412520934, ""base_ch"": 32, ""batch_size"": 64, ""dropout"": 0.07567982138701962, ""latent_dim"": 1024, ""lr"": 0.00010132697713585193}",PRUNED
18,0.6603175618726275,2026-10-02 18:21:09.830757,2026-10-02 18:22:15.646793,0 days 00:01:05.816036,0.6521200550880941,32,32,0.014723593408967752,256,0.00039873472782295553,"{""alpha"": 0.6521200550880941, ""base_ch"": 32, ""batch_size"": 32, ""dropout"": 0.014723593408967752, ""latent_dim"": 256, ""lr"": 0.00039873472782295553}",PRUNED
19,0.6883121453549552,2026-10-02 18:22:15.674039,2026-10-02 18:23:10.173043,0 days 00:00:54.499004,0.6045540595744889,32,32,0.024367215609050474,128,0.0001113336612634405,"{""alpha"": 0.6045540595744889, ""base_ch"": 32, ""batch_size"": 32, ""dropout"": 0.024367215609050474, ""latent_dim"": 128, ""lr"": 0.0001113336612634405}",PRUNED
20,0.6488686006354248,2026-10-02 18:23:10.216197,2026-10-02 18:24:05.339992,0 days 00:00:55.123795,0.7146709252497788,32,32,0.14529975674627077,1024,0.00036470953220338987,"{""alpha"": 0.7146709252497788, ""base_ch"": 32, ""batch_size"": 32, ""dropout"": 0.14529975674627077, ""latent_dim"": 1024, ""lr"": 0.00036470953220338987}",PRUNED
21,0.6509062119800111,2026-10-02 18:24:05.371355,2026-10-02 18:25:01.658597,0 days 00:00:56.287242,0.7549162113284958,32,16,0.043312023242694064,128,0.00022051907089459582,"{""alpha"": 0.7549162113284958, ""base_ch"": 32, ""batch_size"": 16, ""dropout"": 0.043312023242694064, ""latent_dim"": 128, ""lr"": 0.00022051907089459582}",PRUNED
22,0.5640095232621483,2026-10-02 18:25:01.699645,2026-10-02 18:27:44.973282,0 days 00:02:43.273637,0.7710590441479857,48,32,0.06928354535372097,1024,0.0001609852727057712,"{""alpha"": 0.7710590441479857, ""base_ch"": 48, ""batch_size"": 32, ""dropout"": 0.06928354535372097, ""latent_dim"": 1024, ""lr"": 0.0001609852727057712}",COMPLETE
23,0.5968997426654982,2026-10-02 18:27:45.004335,2026-10-02 18:29:32.822493,0 days 00:01:47.818158,0.8047166925635937,32,32,0.11100503345075705,512,0.0002420257622951046,"{""alpha"": 0.8047166925635937, ""base_ch"": 32, ""batch_size"": 32, ""dropout"": 0.11100503345075705, ""latent_dim"": 512, ""lr"": 0.0002420257622951046}",PRUNED
24,0.5875027542528898,2026-10-02 18:29:32.847055,2026-10-02 18:31:38.781135,0 days 00:02:05.934080,0.88105461765498,32,32,0.08264108232357159,1024,0.00010780933316510699,"{""alpha"": 0.88105461765498, ""base_ch"": 32, ""batch_size"": 32, ""dropout"": 0.08264108232357159, ""latent_dim"": 1024, ""lr"": 0.00010780933316510699}",PRUNED
25,0.6748710712013036,2026-10-02 18:31:38.807673,2026-10-02 18:32:41.703813,0 days 00:01:02.896140,0.7941874955745558,48,32,0.08413509088908248,1024,0.0006941101801361889,"{""alpha"": 0.7941874955745558, ""base_ch"": 48, ""batch_size"": 32, ""dropout"": 0.08413509088908248, ""latent_dim"": 1024, ""lr"": 0.0006941101801361889}",PRUNED
26,0.56647939234972,2026-10-02 18:32:41.731976,2026-10-02 18:35:24.229976,0 days 00:02:42.498000,0.7646098911630304,48,32,0.07778963453645861,1024,0.00018721692889666882,"{""alpha"": 0.7646098911630304, ""base_ch"": 48, ""batch_size"": 32, ""dropout"": 0.07778963453645861, ""latent_dim"": 1024, ""lr"": 0.00018721692889666882}",COMPLETE
27,0.5665420769997265,2026-10-02 18:35:24.271852,2026-10-02 18:37:59.413691,0 days 00:02:35.141839,0.7954091518968116,48,32,0.09074858774670197,1024,0.00018526682345152608,"{""alpha"": 0.7954091518968116, ""base_ch"": 48, ""batch_size"": 32, ""dropout"": 0.09074858774670197, ""latent_dim"": 1024, ""lr"": 0.00018526682345152608}",COMPLETE
28,0.6569399402841277,2026-10-02 18:37:59.461643,2026-10-02 18:38:58.411304,0 days 00:00:58.949661,0.725642379447873,48,64,0.0987410398533457,1024,0.0002472593548777332,"{""alpha"": 0.725642379447873, ""base_ch"": 48, ""batch_size"": 64, ""dropout"": 0.0987410398533457, ""latent_dim"": 1024, ""lr"": 0.0002472593548777332}",PRUNED
29,0.6409864215099293,2026-10-02 18:38:58.451951,2026-10-02 18:39:57.613042,0 days 00:00:59.161091,0.7116043419260546,48,32,0.0030173087551012695,1024,0.00029526558477362315,"{""alpha"": 0.7116043419260546, ""base_ch"": 48, ""batch_size"": 32, ""dropout"": 0.0030173087551012695, ""latent_dim"": 1024, ""lr"": 0.00029526558477362315}",PRUNED
30,0.6673049849012623,2026-10-02 18:39:57.652200,2026-10-02 18:40:57.732339,0 days 00:01:00.080139,0.814453859160217,48,32,0.13967340380402865,1024,0.00016362101710540222,"{""alpha"": 0.814453859160217, ""base_ch"": 48, ""batch_size"": 32, ""dropout"": 0.13967340380402865, ""latent_dim"": 1024, ""lr"": 0.00016362101710540222}",PRUNED
31,0.6234357195056003,2026-10-02 18:40:57.760390,2026-10-02 18:42:12.205398,0 days 00:01:14.445008,0.8425523491285658,32,32,0.07104341122252891,1024,0.0003347657501044862,"{""alpha"": 0.8425523491285658, ""base_ch"": 32, ""batch_size"": 32, ""dropout"": 0.07104341122252891, ""latent_dim"": 1024, ""lr"": 0.0003347657501044862}",PRUNED
32,0.5790251671620037,2026-10-02 18:42:26.094350,2026-10-02 18:44:44.623217,0 days 00:02:18.528867,0.7772279948385596,48,32,0.05215223019736605,1024,0.00013156567418983055,"{""alpha"": 0.7772279948385596, ""base_ch"": 48, ""batch_size"": 32, ""dropout"": 0.05215223019736605, ""latent_dim"": 1024, ""lr"": 0.00013156567418983055}",PRUNED
33,0.5681372375591941,2026-10-02 18:44:44.652000,2026-10-02 18:47:33.708765,0 days 00:02:49.056765,0.8588074887856978,64,32,0.03322195063392052,1024,0.00010787582551682712,"{""alpha"": 0.8588074887856978, ""base_ch"": 64, ""batch_size"": 32, ""dropout"": 0.03322195063392052, ""latent_dim"": 1024, ""lr"": 0.00010787582551682712}",COMPLETE
34,,2026-10-02 18:47:33.740505,2026-10-02 18:48:13.581282,0 days 00:00:39.840777,0.9053423901902001,48,32,0.18101436672292093,1024,0.00013772389072097942,"{""alpha"": 0.9053423901902001, ""base_ch"": 48, ""batch_size"": 32, ""dropout"": 0.18101436672292093, ""latent_dim"": 1024, ""lr"": 0.00013772389072097942}",FAIL
